/home/mxb1123/alternet_fork/src/myc-all-samples.py:27: DtypeWarning: Columns (0) have mixed types. Specify dtype option on import or set low_memory=False.
  digger_df = pd.read_csv(digger_path, sep=",")
alternet.annotation - INFO - map_tf_ids: 1797 input TFs, 1779 matched to biomart, 16298 transcript IDs
alternet.runners.run_alternet - INFO - TF list after biomart merge: 16298 TFs, 1948 unique genes, 16298 unique transcripts
alternet.runners.run_alternet - INFO - TF annotation database: 16298 rows
Successfully retrieved n_cpus and started cluster
Using fork method for cluster config
  0%|          | 0/3 [00:00<?, ?it/s]/home/mxb1123/miniconda3/envs/alternet/lib/python3.13/site-packages/distributed/client.py:3387: UserWarning: Sending large graph of size 15.78 MiB.
This may cause some slowdown.
Consider loading the data with Dask directly
 or using futures or delayed objects to embed the data into the graph without repetition.
See also https://docs.dask.org/en/stable/best-practices.html#load-data-with-dask for more information.
  warnings.warn(
 33%|███▎      | 1/3 [06:15<12:30, 375.38s/it]/home/mxb1123/miniconda3/envs/alternet/lib/python3.13/site-packages/distributed/client.py:3387: UserWarning: Sending large graph of size 15.78 MiB.
This may cause some slowdown.
Consider loading the data with Dask directly
 or using futures or delayed objects to embed the data into the graph without repetition.
See also https://docs.dask.org/en/stable/best-practices.html#load-data-with-dask for more information.
  warnings.warn(
 67%|██████▋   | 2/3 [12:31<06:15, 375.73s/it]/home/mxb1123/miniconda3/envs/alternet/lib/python3.13/site-packages/distributed/client.py:3387: UserWarning: Sending large graph of size 15.78 MiB.
This may cause some slowdown.
Consider loading the data with Dask directly
 or using futures or delayed objects to embed the data into the graph without repetition.
See also https://docs.dask.org/en/stable/best-practices.html#load-data-with-dask for more information.
  warnings.warn(
100%|██████████| 3/3 [18:42<00:00, 373.82s/it]100%|██████████| 3/3 [18:42<00:00, 374.30s/it]
2026-03-31 23:32:07,602 - distributed.worker - ERROR - Failed to communicate with scheduler during heartbeat.
Traceback (most recent call last):
  File "/home/mxb1123/miniconda3/envs/alternet/lib/python3.13/site-packages/distributed/comm/tcp.py", line 226, in read
    frames_nosplit_nbytes_bin = await stream.read_bytes(fmt_size)
                                ^^^^^^^^^^^^^^^^^^^^^^^^^^^^^^^^^
tornado.iostream.StreamClosedError: Stream is closed

The above exception was the direct cause of the following exception:

Traceback (most recent call last):
  File "/home/mxb1123/miniconda3/envs/alternet/lib/python3.13/site-packages/distributed/worker.py", line 1273, in heartbeat
    response = await retry_operation(
               ^^^^^^^^^^^^^^^^^^^^^^
    ...<14 lines>...
    )
    ^
  File "/home/mxb1123/miniconda3/envs/alternet/lib/python3.13/site-packages/distributed/utils_comm.py", line 416, in retry_operation
    return await retry(
           ^^^^^^^^^^^^
    ...<5 lines>...
    )
    ^
  File "/home/mxb1123/miniconda3/envs/alternet/lib/python3.13/site-packages/distributed/utils_comm.py", line 395, in retry
    return await coro()
           ^^^^^^^^^^^^
  File "/home/mxb1123/miniconda3/envs/alternet/lib/python3.13/site-packages/distributed/core.py", line 1259, in send_recv_from_rpc
    return await send_recv(comm=comm, op=key, **kwargs)
           ^^^^^^^^^^^^^^^^^^^^^^^^^^^^^^^^^^^^^^^^^^^^
  File "/home/mxb1123/miniconda3/envs/alternet/lib/python3.13/site-packages/distributed/core.py", line 1018, in send_recv
    response = await comm.read(deserializers=deserializers)
               ^^^^^^^^^^^^^^^^^^^^^^^^^^^^^^^^^^^^^^^^^^^^
  File "/home/mxb1123/miniconda3/envs/alternet/lib/python3.13/site-packages/distributed/comm/tcp.py", line 237, in read
    convert_stream_closed_error(self, e)
    ~~~~~~~~~~~~~~~~~~~~~~~~~~~^^^^^^^^^
  File "/home/mxb1123/miniconda3/envs/alternet/lib/python3.13/site-packages/distributed/comm/tcp.py", line 137, in convert_stream_closed_error
    raise CommClosedError(f"in {obj}: {exc}") from exc
distributed.comm.core.CommClosedError: in <TCP (closed) ConnectionPool.heartbeat_worker local=tcp://127.0.0.1:53022 remote=tcp://127.0.0.1:35619>: Stream is closed
alternet.runners.run_alternet - INFO - Canonical GRN: 9006260 edges
alternet.runners.run_alternet - INFO - Hybrid data: 16298 TF transcripts, 32948 gene targets
Successfully retrieved n_cpus and started cluster
Using fork method for cluster config
  0%|          | 0/3 [00:00<?, ?it/s]/home/mxb1123/miniconda3/envs/alternet/lib/python3.13/site-packages/distributed/client.py:3387: UserWarning: Sending large graph of size 15.34 MiB.
This may cause some slowdown.
Consider loading the data with Dask directly
 or using futures or delayed objects to embed the data into the graph without repetition.
See also https://docs.dask.org/en/stable/best-practices.html#load-data-with-dask for more information.
  warnings.warn(
 33%|███▎      | 1/3 [06:35<13:10, 395.31s/it]/home/mxb1123/miniconda3/envs/alternet/lib/python3.13/site-packages/distributed/client.py:3387: UserWarning: Sending large graph of size 15.34 MiB.
This may cause some slowdown.
Consider loading the data with Dask directly
 or using futures or delayed objects to embed the data into the graph without repetition.
See also https://docs.dask.org/en/stable/best-practices.html#load-data-with-dask for more information.
  warnings.warn(
 67%|██████▋   | 2/3 [13:16<06:38, 398.56s/it]/home/mxb1123/miniconda3/envs/alternet/lib/python3.13/site-packages/distributed/client.py:3387: UserWarning: Sending large graph of size 15.34 MiB.
This may cause some slowdown.
Consider loading the data with Dask directly
 or using futures or delayed objects to embed the data into the graph without repetition.
See also https://docs.dask.org/en/stable/best-practices.html#load-data-with-dask for more information.
  warnings.warn(
100%|██████████| 3/3 [19:52<00:00, 397.36s/it]100%|██████████| 3/3 [19:52<00:00, 397.36s/it]
2026-03-31 23:53:39,049 - distributed.worker - ERROR - Failed to communicate with scheduler during heartbeat.
Traceback (most recent call last):
  File "/home/mxb1123/miniconda3/envs/alternet/lib/python3.13/site-packages/distributed/comm/tcp.py", line 226, in read
    frames_nosplit_nbytes_bin = await stream.read_bytes(fmt_size)
                                ^^^^^^^^^^^^^^^^^^^^^^^^^^^^^^^^^
tornado.iostream.StreamClosedError: Stream is closed

The above exception was the direct cause of the following exception:

Traceback (most recent call last):
  File "/home/mxb1123/miniconda3/envs/alternet/lib/python3.13/site-packages/distributed/worker.py", line 1273, in heartbeat
    response = await retry_operation(
               ^^^^^^^^^^^^^^^^^^^^^^
    ...<14 lines>...
    )
    ^
  File "/home/mxb1123/miniconda3/envs/alternet/lib/python3.13/site-packages/distributed/utils_comm.py", line 416, in retry_operation
    return await retry(
           ^^^^^^^^^^^^
    ...<5 lines>...
    )
    ^
  File "/home/mxb1123/miniconda3/envs/alternet/lib/python3.13/site-packages/distributed/utils_comm.py", line 395, in retry
    return await coro()
           ^^^^^^^^^^^^
  File "/home/mxb1123/miniconda3/envs/alternet/lib/python3.13/site-packages/distributed/core.py", line 1259, in send_recv_from_rpc
    return await send_recv(comm=comm, op=key, **kwargs)
           ^^^^^^^^^^^^^^^^^^^^^^^^^^^^^^^^^^^^^^^^^^^^
  File "/home/mxb1123/miniconda3/envs/alternet/lib/python3.13/site-packages/distributed/core.py", line 1018, in send_recv
    response = await comm.read(deserializers=deserializers)
               ^^^^^^^^^^^^^^^^^^^^^^^^^^^^^^^^^^^^^^^^^^^^
  File "/home/mxb1123/miniconda3/envs/alternet/lib/python3.13/site-packages/distributed/comm/tcp.py", line 237, in read
    convert_stream_closed_error(self, e)
    ~~~~~~~~~~~~~~~~~~~~~~~~~~~^^^^^^^^^
  File "/home/mxb1123/miniconda3/envs/alternet/lib/python3.13/site-packages/distributed/comm/tcp.py", line 137, in convert_stream_closed_error
    raise CommClosedError(f"in {obj}: {exc}") from exc
distributed.comm.core.CommClosedError: in <TCP (closed) ConnectionPool.heartbeat_worker local=tcp://127.0.0.1:41666 remote=tcp://127.0.0.1:44537>: Stream is closed
alternet.runners.run_alternet - INFO - AS-aware GRN: 9837398 edges
alternet.postprocessing - INFO - get_diff: 7533288 gene-only edges, 8131796 transcript-only edges (from 9006260 gene / 8555540 transcript total)
alternet.runners.run_alternet - INFO - Edge diff: 3178574 common, 7533288 gene-unique, 8131796 isoform-unique
alternet.postprocessing - INFO - frequency_filter (threshold=3): 7533288 -> 14367 edges
alternet.postprocessing - INFO - frequency_filter (threshold=3): 8131796 -> 576 edges
alternet.runners.run_alternet - INFO - After frequency filter (threshold=3): 14367 gene-unique, 576 isoform-unique
alternet.postprocessing - INFO - plausibility_filtering: 576 -> 561 after removing 'single', -> 551 after removing 'dominant'
alternet.runners.run_alternet - INFO - After plausibility filter: 551 isoform-unique edges remain
alternet.annotation - INFO - annotate_isoform_exclusive_edges: 551 GRN rows, 534 unique transcripts
alternet.annotation - INFO - build_transcript_annotation_table_for_unique_tfs: annotating 534 transcripts
alternet.postprocessing - INFO - plausibility_filtering_gene_unique: 14367 -> 11362 after removing 'single', -> 9393 after removing 'dominant'
alternet.runners.run_alternet - INFO - After gene plausibility filter: 9393 gene-unique edges remain
alternet.annotation - INFO - annotate_gene_exclusive_edges: 9393 GRN rows, 32687 gene-transcript mappings
alternet.annotation - INFO - get_common_annotation_dataframe: annotating 32687 genes
alternet.runners.run_alternet - INFO - Common edges split: 226551 consistent (single/dominant), 1479051 ambiguous (balanced/non-dominant)
alternet.runners.run_alternet - INFO - After consistent edge filtering: 0 consistent edges remain
alternet.annotation - INFO - annotate_consistent_edges: 0 GRN rows, 0 unique transcripts
alternet.annotation - WARNING - get_transcript_annotation_table_for_unique_tfs: no transcripts to annotate (unique_tfs is empty)
alternet.runners.run_alternet - INFO - Likely isoform-specific: 0 edges, remaining ambiguous: 1479051
alternet.annotation - INFO - annotate_isoform_exclusive_edges: 0 GRN rows, 0 unique transcripts
alternet.annotation - WARNING - build_transcript_annotation_table_for_unique_tfs: no transcripts to annotate (unique_tfs is empty)
alternet.runners.run_alternet - INFO - Likely gene-specific: 0 edges, remaining ambiguous: 974675
alternet.annotation - INFO - annotate_gene_exclusive_edges: 0 GRN rows, 32687 gene-transcript mappings
alternet.annotation - INFO - get_common_annotation_dataframe: annotating 32687 genes
Traceback (most recent call last):
  File "/home/mxb1123/alternet_fork/src/myc-all-samples.py", line 48, in <module>
    main()
    ~~~~^^
  File "/home/mxb1123/alternet_fork/src/myc-all-samples.py", line 35, in main
    alternet_pipeline(
    ~~~~~~~~~~~~~~~~~^
        dcm_data,
        ^^^^^^^^^
    ...<6 lines>...
        runs=3
        ^^^^^^
    )
    ^
  File "/home/mxb1123/alternet_fork/src/alternet/runners/run_alternet.py", line 210, in alternet_pipeline
    add_gene_names_and_save(isoform_unique, prefix, 'unique_isoforms', results_path, biomart)
    ~~~~~~~~~~~~~~~~~~~~~~~^^^^^^^^^^^^^^^^^^^^^^^^^^^^^^^^^^^^^^^^^^^^^^^^^^^^^^^^^^^^^^^^^^
  File "/home/mxb1123/alternet_fork/src/alternet/runners/run_alternet.py", line 41, in add_gene_names_and_save
    edge_data = postprocessing.add_gene_names(edge_data, biomart, gene_column = 'target_gene')
  File "/home/mxb1123/alternet_fork/src/alternet/postprocessing.py", line 151, in add_gene_names
    edgelist[f'{gene_column}_name'] = edgelist[gene_column].apply(lambda x: gene_name_mapper[x])
                                      ~~~~~~~~~~~~~~~~~~~~~~~~~~~^^^^^^^^^^^^^^^^^^^^^^^^^^^^^^^
  File "/home/mxb1123/miniconda3/envs/alternet/lib/python3.13/site-packages/pandas/core/series.py", line 4943, in apply
    ).apply()
      ~~~~~^^
  File "/home/mxb1123/miniconda3/envs/alternet/lib/python3.13/site-packages/pandas/core/apply.py", line 1422, in apply
    return self.apply_standard()
           ~~~~~~~~~~~~~~~~~~~^^
  File "/home/mxb1123/miniconda3/envs/alternet/lib/python3.13/site-packages/pandas/core/apply.py", line 1502, in apply_standard
    mapped = obj._map_values(
        mapper=curried, na_action=action, convert=self.convert_dtype
    )
  File "/home/mxb1123/miniconda3/envs/alternet/lib/python3.13/site-packages/pandas/core/base.py", line 923, in _map_values
    return arr.map(mapper, na_action=na_action)
           ~~~~~~~^^^^^^^^^^^^^^^^^^^^^^^^^^^^^
  File "/home/mxb1123/miniconda3/envs/alternet/lib/python3.13/site-packages/pandas/core/arrays/arrow/array.py", line 1512, in map
    return super().map(mapper, na_action)
           ~~~~~~~~~~~^^^^^^^^^^^^^^^^^^^
  File "/home/mxb1123/miniconda3/envs/alternet/lib/python3.13/site-packages/pandas/core/arrays/base.py", line 2322, in map
    return map_array(self, mapper, na_action=na_action)
  File "/home/mxb1123/miniconda3/envs/alternet/lib/python3.13/site-packages/pandas/core/algorithms.py", line 1743, in map_array
    return lib.map_infer(values, mapper, convert=convert)
           ~~~~~~~~~~~~~^^^^^^^^^^^^^^^^^^^^^^^^^^^^^^^^^
  File "pandas/_libs/lib.pyx", line 2999, in pandas._libs.lib.map_infer
  File "/home/mxb1123/alternet_fork/src/alternet/postprocessing.py", line 151, in <lambda>
    edgelist[f'{gene_column}_name'] = edgelist[gene_column].apply(lambda x: gene_name_mapper[x])
                                                                            ~~~~~~~~~~~~~~~~^^^
KeyError: 'ENSG00000286863'
